{
"contracts/core/AVIPRegistry.sol":{"l":{"68":10,"69":10,"78":6,"79":1,"82":5,"83":2,"86":3,"87":1,"90":2,"91":0,"92":0,"96":2,"107":2,"108":0,"111":2,"122":2,"123":2,"124":2,"126":2,"136":2,"140":0,"141":0,"144":0,"145":0,"146":0,"149":0,"150":0,"153":0,"155":0,"159":11,"160":0,"162":11,"164":11,"165":11,"169":0,"171":0,"172":0,"176":0,"180":0,"184":0,"185":0,"187":0,"191":1,"195":0,"196":0,"200":2,"204":2,"208":0,"209":0,"212":0,"213":0,"214":0,"216":0,"217":0,"219":0,"220":0,"223":0,"224":0,"227":0},"path":"/home/ilich/Escritorio/andromeda-computer/avip-contracts/contracts/core/AVIPRegistry.sol","s":{"1":10,"2":6,"3":5,"4":3,"5":2,"6":0,"7":2,"8":2,"9":2,"10":2,"11":0,"12":0,"13":0,"14":0,"15":0,"16":11,"17":11,"18":11,"19":0,"20":0,"21":0,"22":0,"23":0,"24":0,"25":1,"26":0,"27":0,"28":2,"29":2,"30":0,"31":0,"32":0,"33":0,"34":0,"35":0,"36":0,"37":0,"38":0,"39":0},"b":{"1":[6,0],"2":[6,0],"3":[1,5],"4":[2,3],"5":[1,1],"6":[1,2],"7":[0,2],"8":[0,0],"9":[0,2],"10":[0,0],"11":[0,0],"12":[0,0],"13":[0,0],"14":[0,0],"15":[11,0],"16":[0,11],"17":[11,0],"18":[0,0],"19":[0,0],"20":[0,0],"21":[0,0],"22":[0,0],"23":[0,0],"24":[0,0],"25":[0,0]},"f":{"1":10,"2":6,"3":0,"4":11,"5":0,"6":0,"7":0,"8":0,"9":1,"10":0,"11":2,"12":2,"13":0},"fnMap":{"1":{"name":"constructor","line":67,"loc":{"start":{"line":67,"column":4},"end":{"line":70,"column":4}}},"2":{"name":"submitBatch","line":77,"loc":{"start":{"line":72,"column":4},"end":{"line":137,"column":4}}},"3":{"name":"verifyBatch","line":139,"loc":{"start":{"line":139,"column":4},"end":{"line":156,"column":4}}},"4":{"name":"authorizeValidator","line":158,"loc":{"start":{"line":158,"column":4},"end":{"line":166,"column":4}}},"5":{"name":"revokeValidator","line":168,"loc":{"start":{"line":168,"column":4},"end":{"line":173,"column":4}}},"6":{"name":"pause","line":175,"loc":{"start":{"line":175,"column":4},"end":{"line":177,"column":4}}},"7":{"name":"unpause","line":179,"loc":{"start":{"line":179,"column":4},"end":{"line":181,"column":4}}},"8":{"name":"getBatch","line":183,"loc":{"start":{"line":183,"column":4},"end":{"line":188,"column":4}}},"9":{"name":"getLatestBatch","line":190,"loc":{"start":{"line":190,"column":4},"end":{"line":192,"column":4}}},"10":{"name":"getBatchIdByIndex","line":194,"loc":{"start":{"line":194,"column":4},"end":{"line":197,"column":4}}},"11":{"name":"totalBatches","line":199,"loc":{"start":{"line":199,"column":4},"end":{"line":201,"column":4}}},"12":{"name":"isValidatorAuthorized","line":203,"loc":{"start":{"line":203,"column":4},"end":{"line":205,"column":4}}},"13":{"name":"verifyChainIntegrity","line":207,"loc":{"start":{"line":207,"column":4},"end":{"line":228,"column":4}}}},"statementMap":{"1":{"start":{"line":69,"column":8},"end":{"line":69,"column":73}},"2":{"start":{"line":78,"column":8},"end":{"line":78,"column":2276}},"3":{"start":{"line":82,"column":8},"end":{"line":82,"column":2399}},"4":{"start":{"line":86,"column":8},"end":{"line":86,"column":2538}},"5":{"start":{"line":90,"column":8},"end":{"line":90,"column":2637}},"6":{"start":{"line":91,"column":12},"end":{"line":91,"column":2690}},"7":{"start":{"line":107,"column":8},"end":{"line":107,"column":3089}},"8":{"start":{"line":122,"column":8},"end":{"line":122,"column":30}},"9":{"start":{"line":126,"column":8},"end":{"line":126,"column":3642}},"10":{"start":{"line":136,"column":8},"end":{"line":136,"column":22}},"11":{"start":{"line":140,"column":8},"end":{"line":140,"column":3975}},"12":{"start":{"line":144,"column":8},"end":{"line":144,"column":47}},"13":{"start":{"line":145,"column":8},"end":{"line":145,"column":4147}},"14":{"start":{"line":149,"column":8},"end":{"line":149,"column":4245}},"15":{"start":{"line":155,"column":8},"end":{"line":155,"column":64}},"16":{"start":{"line":159,"column":8},"end":{"line":159,"column":4521}},"17":{"start":{"line":162,"column":8},"end":{"line":162,"column":71}},"18":{"start":{"line":165,"column":8},"end":{"line":165,"column":72}},"19":{"start":{"line":169,"column":8},"end":{"line":169,"column":66}},"20":{"start":{"line":172,"column":8},"end":{"line":172,"column":69}},"21":{"start":{"line":176,"column":8},"end":{"line":176,"column":15}},"22":{"start":{"line":180,"column":8},"end":{"line":180,"column":17}},"23":{"start":{"line":184,"column":8},"end":{"line":184,"column":5324}},"24":{"start":{"line":187,"column":8},"end":{"line":187,"column":32}},"25":{"start":{"line":191,"column":8},"end":{"line":191,"column":29}},"26":{"start":{"line":195,"column":8},"end":{"line":195,"column":63}},"27":{"start":{"line":196,"column":8},"end":{"line":196,"column":31}},"28":{"start":{"line":200,"column":8},"end":{"line":200,"column":28}},"29":{"start":{"line":204,"column":8},"end":{"line":204,"column":47}},"30":{"start":{"line":208,"column":8},"end":{"line":208,"column":6104}},"31":{"start":{"line":209,"column":12},"end":{"line":209,"column":24}},"32":{"start":{"line":212,"column":8},"end":{"line":212,"column":40}},"33":{"start":{"line":213,"column":8},"end":{"line":213,"column":45}},"34":{"start":{"line":214,"column":8},"end":{"line":214,"column":30}},"35":{"start":{"line":216,"column":8},"end":{"line":216,"column":6327}},"36":{"start":{"line":217,"column":12},"end":{"line":217,"column":64}},"37":{"start":{"line":219,"column":12},"end":{"line":219,"column":6491}},"38":{"start":{"line":220,"column":16},"end":{"line":220,"column":28}},"39":{"start":{"line":227,"column":8},"end":{"line":227,"column":43}}},"branchMap":{"1":{"line":77,"type":"if","locations":[{"start":{"line":77,"column":15},"end":{"line":77,"column":15}},{"start":{"line":77,"column":15},"end":{"line":77,"column":15}}]},"2":{"line":77,"type":"if","locations":[{"start":{"line":77,"column":28},"end":{"line":77,"column":28}},{"start":{"line":77,"column":28},"end":{"line":77,"column":28}}]},"3":{"line":78,"type":"if","locations":[{"start":{"line":78,"column":8},"end":{"line":78,"column":8}},{"start":{"line":78,"column":8},"end":{"line":78,"column":8}}]},"4":{"line":82,"type":"if","locations":[{"start":{"line":82,"column":8},"end":{"line":82,"column":8}},{"start":{"line":82,"column":8},"end":{"line":82,"column":8}}]},"5":{"line":82,"type":"cond-expr","locations":[{"start":{"line":82,"column":12},"end":{"line":82,"column":37}},{"start":{"line":82,"column":42},"end":{"line":82,"column":67}}]},"6":{"line":86,"type":"if","locations":[{"start":{"line":86,"column":8},"end":{"line":86,"column":8}},{"start":{"line":86,"column":8},"end":{"line":86,"column":8}}]},"7":{"line":90,"type":"if","locations":[{"start":{"line":90,"column":8},"end":{"line":90,"column":8}},{"start":{"line":90,"column":8},"end":{"line":90,"column":8}}]},"8":{"line":91,"type":"if","locations":[{"start":{"line":91,"column":12},"end":{"line":91,"column":12}},{"start":{"line":91,"column":12},"end":{"line":91,"column":12}}]},"9":{"line":107,"type":"if","locations":[{"start":{"line":107,"column":8},"end":{"line":107,"column":8}},{"start":{"line":107,"column":8},"end":{"line":107,"column":8}}]},"10":{"line":139,"type":"if","locations":[{"start":{"line":139,"column":51},"end":{"line":139,"column":51}},{"start":{"line":139,"column":51},"end":{"line":139,"column":51}}]},"11":{"line":139,"type":"if","locations":[{"start":{"line":139,"column":64},"end":{"line":139,"column":64}},{"start":{"line":139,"column":64},"end":{"line":139,"column":64}}]},"12":{"line":140,"type":"if","locations":[{"start":{"line":140,"column":8},"end":{"line":140,"column":8}},{"start":{"line":140,"column":8},"end":{"line":140,"column":8}}]},"13":{"line":145,"type":"if","locations":[{"start":{"line":145,"column":8},"end":{"line":145,"column":8}},{"start":{"line":145,"column":8},"end":{"line":145,"column":8}}]},"14":{"line":149,"type":"if","locations":[{"start":{"line":149,"column":8},"end":{"line":149,"column":8}},{"start":{"line":149,"column":8},"end":{"line":149,"column":8}}]},"15":{"line":158,"type":"if","locations":[{"start":{"line":158,"column":60},"end":{"line":158,"column":60}},{"start":{"line":158,"column":60},"end":{"line":158,"column":60}}]},"16":{"line":159,"type":"if","locations":[{"start":{"line":159,"column":8},"end":{"line":159,"column":8}},{"start":{"line":159,"column":8},"end":{"line":159,"column":8}}]},"17":{"line":162,"type":"if","locations":[{"start":{"line":162,"column":8},"end":{"line":162,"column":8}},{"start":{"line":162,"column":8},"end":{"line":162,"column":8}}]},"18":{"line":168,"type":"if","locations":[{"start":{"line":168,"column":57},"end":{"line":168,"column":57}},{"start":{"line":168,"column":57},"end":{"line":168,"column":57}}]},"19":{"line":169,"type":"if","locations":[{"start":{"line":169,"column":8},"end":{"line":169,"column":8}},{"start":{"line":169,"column":8},"end":{"line":169,"column":8}}]},"20":{"line":175,"type":"if","locations":[{"start":{"line":175,"column":30},"end":{"line":175,"column":30}},{"start":{"line":175,"column":30},"end":{"line":175,"column":30}}]},"21":{"line":179,"type":"if","locations":[{"start":{"line":179,"column":32},"end":{"line":179,"column":32}},{"start":{"line":179,"column":32},"end":{"line":179,"column":32}}]},"22":{"line":184,"type":"if","locations":[{"start":{"line":184,"column":8},"end":{"line":184,"column":8}},{"start":{"line":184,"column":8},"end":{"line":184,"column":8}}]},"23":{"line":195,"type":"if","locations":[{"start":{"line":195,"column":8},"end":{"line":195,"column":8}},{"start":{"line":195,"column":8},"end":{"line":195,"column":8}}]},"24":{"line":208,"type":"if","locations":[{"start":{"line":208,"column":8},"end":{"line":208,"column":8}},{"start":{"line":208,"column":8},"end":{"line":208,"column":8}}]},"25":{"line":219,"type":"if","locations":[{"start":{"line":219,"column":12},"end":{"line":219,"column":12}},{"start":{"line":219,"column":12},"end":{"line":219,"column":12}}]}}}}
