TN:
SF:/home/ilich/Escritorio/andromeda-computer/avip-contracts/contracts/core/AVIPRegistry.sol
FN:67,constructor
FN:77,submitBatch
FN:139,verifyBatch
FN:158,authorizeValidator
FN:168,revokeValidator
FN:175,pause
FN:179,unpause
FN:183,getBatch
FN:190,getLatestBatch
FN:194,getBatchIdByIndex
FN:199,totalBatches
FN:203,isValidatorAuthorized
FN:207,verifyChainIntegrity
FNF:13
FNH:6
FNDA:10,constructor
FNDA:6,submitBatch
FNDA:0,verifyBatch
FNDA:11,authorizeValidator
FNDA:0,revokeValidator
FNDA:0,pause
FNDA:0,unpause
FNDA:0,getBatch
FNDA:1,getLatestBatch
FNDA:0,getBatchIdByIndex
FNDA:2,totalBatches
FNDA:2,isValidatorAuthorized
FNDA:0,verifyChainIntegrity
DA:68,10
DA:69,10
DA:78,6
DA:79,1
DA:82,5
DA:83,2
DA:86,3
DA:87,1
DA:90,2
DA:91,0
DA:92,0
DA:96,2
DA:107,2
DA:108,0
DA:111,2
DA:122,2
DA:123,2
DA:124,2
DA:126,2
DA:136,2
DA:140,0
DA:141,0
DA:144,0
DA:145,0
DA:146,0
DA:149,0
DA:150,0
DA:153,0
DA:155,0
DA:159,11
DA:160,0
DA:162,11
DA:164,11
DA:165,11
DA:169,0
DA:171,0
DA:172,0
DA:176,0
DA:180,0
DA:184,0
DA:185,0
DA:187,0
DA:191,1
DA:195,0
DA:196,0
DA:200,2
DA:204,2
DA:208,0
DA:209,0
DA:212,0
DA:213,0
DA:214,0
DA:216,0
DA:217,0
DA:219,0
DA:220,0
DA:223,0
DA:224,0
DA:227,0
LF:59
LH:24
BRDA:77,1,0,6
BRDA:77,1,1,0
BRDA:77,2,0,6
BRDA:77,2,1,0
BRDA:78,3,0,1
BRDA:78,3,1,5
BRDA:82,4,0,2
BRDA:82,4,1,3
BRDA:82,5,0,1
BRDA:82,5,1,1
BRDA:86,6,0,1
BRDA:86,6,1,2
BRDA:90,7,0,0
BRDA:90,7,1,2
BRDA:91,8,0,0
BRDA:91,8,1,0
BRDA:107,9,0,0
BRDA:107,9,1,2
BRDA:139,10,0,0
BRDA:139,10,1,0
BRDA:139,11,0,0
BRDA:139,11,1,0
BRDA:140,12,0,0
BRDA:140,12,1,0
BRDA:145,13,0,0
BRDA:145,13,1,0
BRDA:149,14,0,0
BRDA:149,14,1,0
BRDA:158,15,0,11
BRDA:158,15,1,0
BRDA:159,16,0,0
BRDA:159,16,1,11
BRDA:162,17,0,11
BRDA:162,17,1,0
BRDA:168,18,0,0
BRDA:168,18,1,0
BRDA:169,19,0,0
BRDA:169,19,1,0
BRDA:175,20,0,0
BRDA:175,20,1,0
BRDA:179,21,0,0
BRDA:179,21,1,0
BRDA:184,22,0,0
BRDA:184,22,1,0
BRDA:195,23,0,0
BRDA:195,23,1,0
BRDA:208,24,0,0
BRDA:208,24,1,0
BRDA:219,25,0,0
BRDA:219,25,1,0
BRF:50
BRH:15
end_of_record
